<?xml version="1.0" encoding="UTF-8"?>
<!-- Generated by org.testng.reporters.JUnitReportReporter -->
<testsuite skipped="0" hostname="Sujoy-PC" name="mercury.testcases.RegisterTest" tests="1" failures="0" timestamp="13 Apr 2019 06:20:23 GMT" time="3.080" errors="0">
  <testcase name="registerTest" time="3.080" classname="mercury.testcases.RegisterTest"/>
</testsuite> <!-- mercury.testcases.RegisterTest -->
