<?xml version="1.0" encoding="UTF-8"?>
<!-- Generated by org.testng.reporters.JUnitReportReporter -->
<testsuite skipped="0" hostname="Sujoy-PC" name="mercury.testcases.LoginTest" tests="1" failures="0" timestamp="13 Apr 2019 06:20:23 GMT" time="6.190" errors="0">
  <testcase name="validLoginTest" time="6.190" classname="mercury.testcases.LoginTest"/>
</testsuite> <!-- mercury.testcases.LoginTest -->
