<?xml version="1.0" encoding="UTF-8"?>
<!-- Generated by org.testng.reporters.JUnitReportReporter -->
<testsuite skipped="0" hostname="Sujoy-PC" name="mercury.testcases.Temp" tests="2" failures="0" timestamp="13 Apr 2019 05:20:54 GMT" time="0.016" errors="0">
  <testcase name="m1" time="0.016" classname="mercury.testcases.Temp"/>
  <testcase name="m2" time="0.000" classname="mercury.testcases.Temp"/>
</testsuite> <!-- mercury.testcases.Temp -->
